  skeleton.cpp
C:\Users\paulo\OneDrive\Ambiente de Trabalho\Escola\LEI\Lei2020\build\skeleton.cpp(82): warning C4018: '<': signed/unsigned mismatch
C:\Users\paulo\OneDrive\Ambiente de Trabalho\Escola\LEI\Lei2020\build\skeleton.cpp(91): warning C4018: '<': signed/unsigned mismatch
C:\Users\paulo\OneDrive\Ambiente de Trabalho\Escola\LEI\Lei2020\build\skeleton.cpp(162): warning C4018: '<': signed/unsigned mismatch
C:\Users\paulo\OneDrive\Ambiente de Trabalho\Escola\LEI\Lei2020\build\skeleton.cpp(313): warning C4244: 'argument': conversion from 'float' to 'const unsigned int', possible loss of data
C:\Users\paulo\OneDrive\Ambiente de Trabalho\Escola\LEI\Lei2020\build\skeleton.cpp(314): warning C4244: 'argument': conversion from 'float' to 'const unsigned int', possible loss of data
C:\Users\paulo\OneDrive\Ambiente de Trabalho\Escola\LEI\Lei2020\build\skeleton.cpp(315): warning C4244: 'argument': conversion from 'float' to 'const unsigned int', possible loss of data
C:\Users\paulo\OneDrive\Ambiente de Trabalho\Escola\LEI\Lei2020\build\skeleton.cpp(363): warning C4244: 'argument': conversion from 'float' to 'const unsigned int', possible loss of data
C:\Users\paulo\OneDrive\Ambiente de Trabalho\Escola\LEI\Lei2020\build\skeleton.cpp(364): warning C4244: 'argument': conversion from 'float' to 'const unsigned int', possible loss of data
C:\Users\paulo\OneDrive\Ambiente de Trabalho\Escola\LEI\Lei2020\build\skeleton.cpp(368): warning C4244: 'argument': conversion from 'float' to 'const unsigned int', possible loss of data
C:\Users\paulo\OneDrive\Ambiente de Trabalho\Escola\LEI\Lei2020\build\skeleton.cpp(369): warning C4244: 'argument': conversion from 'float' to 'const unsigned int', possible loss of data
C:\Users\paulo\OneDrive\Ambiente de Trabalho\Escola\LEI\Lei2020\build\skeleton.cpp(370): warning C4244: 'argument': conversion from 'float' to 'const unsigned int', possible loss of data
C:\Users\paulo\OneDrive\Ambiente de Trabalho\Escola\LEI\Lei2020\build\skeleton.cpp(372): warning C4244: 'argument': conversion from 'float' to 'const unsigned int', possible loss of data
C:\Users\paulo\OneDrive\Ambiente de Trabalho\Escola\LEI\Lei2020\build\skeleton.cpp(373): warning C4244: 'argument': conversion from 'float' to 'const unsigned int', possible loss of data
C:\Users\paulo\OneDrive\Ambiente de Trabalho\Escola\LEI\Lei2020\build\skeleton.cpp(374): warning C4244: 'argument': conversion from 'float' to 'const unsigned int', possible loss of data
C:\Users\paulo\OneDrive\Ambiente de Trabalho\Escola\LEI\Lei2020\build\skeleton.cpp(376): warning C4244: 'argument': conversion from 'float' to 'const unsigned int', possible loss of data
C:\Users\paulo\OneDrive\Ambiente de Trabalho\Escola\LEI\Lei2020\build\skeleton.cpp(377): warning C4244: 'argument': conversion from 'float' to 'const unsigned int', possible loss of data
C:\Users\paulo\OneDrive\Ambiente de Trabalho\Escola\LEI\Lei2020\build\skeleton.cpp(378): warning C4244: 'argument': conversion from 'float' to 'const unsigned int', possible loss of data
c:\users\paulo\onedrive\ambiente de trabalho\escola\lei\lei2020\build\skeleton.cpp(415): warning C4715: 'skeleton::getEndEffector': not all control paths return a value
  class1.vcxproj -> C:\Users\paulo\OneDrive\Ambiente de Trabalho\Escola\LEI\Lei2020\build\Debug\class1.exe
